  main.cpp
D:\OpenGL\Final_Project\Final_Project\src\Mesh.h(15,6): warning C4305: '正在初始化': 從 'double' 轉換為 'float'，是由較大的類型轉換為較小的類型，可能導致資料遺失
D:\OpenGL\Final_Project\Final_Project\src\Mesh.h(347,1): warning C4267: '=': 將 'size_t' 轉換為 'unsigned int'，資料可能遺失
D:\OpenGL\Final_Project\Final_Project\src\Mesh.h(434,1): warning C4267: '=': 將 'size_t' 轉換為 'unsigned int'，資料可能遺失
D:\OpenGL\Final_Project\Final_Project\src\Mesh.h(538,1): warning C4267: '=': 將 'size_t' 轉換為 'unsigned int'，資料可能遺失
D:\OpenGL\Final_Project\Final_Project\src\Trackball.h(49,18): warning C4244: '正在初始化': 將 'double' 轉換為 'float'，由於類型不同，可能導致資料遺失
D:\OpenGL\Final_Project\Final_Project\src\Skybox.h(141,9): warning C4102: 'std': 未參考的標籤
D:\OpenGL\Final_Project\Final_Project\src\AssimpMesh.h(52,1): warning C4305: '正在初始化': 從 'double' 轉換為 'float'，是由較大的類型轉換為較小的類型，可能導致資料遺失
glfw3.lib(init.obj) : warning LNK4099: 找不到 PDB '' (有 'glfw3.lib(init.obj)' 或位於 '')，當做沒有偵錯資訊，連結物件
glfw3.lib(window.obj) : warning LNK4099: 找不到 PDB '' (有 'glfw3.lib(window.obj)' 或位於 '')，當做沒有偵錯資訊，連結物件
glfw3.lib(input.obj) : warning LNK4099: 找不到 PDB '' (有 'glfw3.lib(input.obj)' 或位於 '')，當做沒有偵錯資訊，連結物件
glfw3.lib(context.obj) : warning LNK4099: 找不到 PDB '' (有 'glfw3.lib(context.obj)' 或位於 '')，當做沒有偵錯資訊，連結物件
glfw3.lib(win32_init.obj) : warning LNK4099: 找不到 PDB '' (有 'glfw3.lib(win32_init.obj)' 或位於 '')，當做沒有偵錯資訊，連結物件
glfw3.lib(win32_monitor.obj) : warning LNK4099: 找不到 PDB '' (有 'glfw3.lib(win32_monitor.obj)' 或位於 '')，當做沒有偵錯資訊，連結物件
glfw3.lib(win32_time.obj) : warning LNK4099: 找不到 PDB '' (有 'glfw3.lib(win32_time.obj)' 或位於 '')，當做沒有偵錯資訊，連結物件
glfw3.lib(win32_thread.obj) : warning LNK4099: 找不到 PDB '' (有 'glfw3.lib(win32_thread.obj)' 或位於 '')，當做沒有偵錯資訊，連結物件
glfw3.lib(monitor.obj) : warning LNK4099: 找不到 PDB '' (有 'glfw3.lib(monitor.obj)' 或位於 '')，當做沒有偵錯資訊，連結物件
glfw3.lib(vulkan.obj) : warning LNK4099: 找不到 PDB '' (有 'glfw3.lib(vulkan.obj)' 或位於 '')，當做沒有偵錯資訊，連結物件
glfw3.lib(win32_window.obj) : warning LNK4099: 找不到 PDB '' (有 'glfw3.lib(win32_window.obj)' 或位於 '')，當做沒有偵錯資訊，連結物件
glfw3.lib(win32_joystick.obj) : warning LNK4099: 找不到 PDB '' (有 'glfw3.lib(win32_joystick.obj)' 或位於 '')，當做沒有偵錯資訊，連結物件
glfw3.lib(wgl_context.obj) : warning LNK4099: 找不到 PDB '' (有 'glfw3.lib(wgl_context.obj)' 或位於 '')，當做沒有偵錯資訊，連結物件
glfw3.lib(egl_context.obj) : warning LNK4099: 找不到 PDB '' (有 'glfw3.lib(egl_context.obj)' 或位於 '')，當做沒有偵錯資訊，連結物件
glfw3.lib(osmesa_context.obj) : warning LNK4099: 找不到 PDB '' (有 'glfw3.lib(osmesa_context.obj)' 或位於 '')，當做沒有偵錯資訊，連結物件
soil2-debug.lib(SOIL2.obj) : warning LNK4099: 找不到 PDB '' (有 'soil2-debug.lib(SOIL2.obj)' 或位於 '')，當做沒有偵錯資訊，連結物件
soil2-debug.lib(image_DXT.obj) : warning LNK4099: 找不到 PDB '' (有 'soil2-debug.lib(image_DXT.obj)' 或位於 '')，當做沒有偵錯資訊，連結物件
soil2-debug.lib(wfETC.obj) : warning LNK4099: 找不到 PDB '' (有 'soil2-debug.lib(wfETC.obj)' 或位於 '')，當做沒有偵錯資訊，連結物件
soil2-debug.lib(image_helper.obj) : warning LNK4099: 找不到 PDB '' (有 'soil2-debug.lib(image_helper.obj)' 或位於 '')，當做沒有偵錯資訊，連結物件
  Final_Project.vcxproj -> D:\OpenGL\Final_Project\x64\Debug\Final_Project.exe
